<?xml version="1.0" encoding="UTF-8"?>
<!-- Generated by org.testng.reporters.JUnitReportReporter -->
<testsuite skipped="0" hostname="dell" name="learnTestng.NewTest2" tests="1" failures="0" timestamp="22 Sep 2019 06:30:23 GMT" time="30.403" errors="0">
  <testcase name="f" time="30.403" classname="learnTestng.NewTest2"/>
</testsuite> <!-- learnTestng.NewTest2 -->
